<?xml version="1.0" encoding="UTF-8"?>
<!-- Generated by org.testng.reporters.JUnitReportReporter -->
<testsuite hostname="DESKTOP-L72NU8B" failures="0" tests="3" name="com.crm.contact.ContactTest" time="0.022" errors="0" timestamp="2022-05-11T01:20:36 IST" skipped="0">
  <testcase classname="com.crm.contact.ContactTest" name="createContact" time="0.016"/>
  <system-out/>
  <testcase classname="com.crm.contact.ContactTest" name="modifyContact" time="0.003"/>
  <system-out/>
  <testcase classname="com.crm.contact.ContactTest" name="deleteContact" time="0.003"/>
  <system-out/>
</testsuite> <!-- com.crm.contact.ContactTest -->
